<?xml version="1.0" encoding="UTF-8"?>
<!-- Generated by org.testng.reporters.JUnitReportReporter -->
<testsuite hostname="sunil-PC" failures="0" tests="1" name="Test1" time="0.015" errors="0" timestamp="31 Jan 2020 16:59:30 GMT" skipped="0">
  <testcase classname="Test1" name="show" time="0.015"/>
</testsuite> <!-- Test1 -->
